CRITICAL - 2023-11-08 09:42:35 --> Invalid file: "template/layout.php"
in SYSTEMPATH\Exceptions\FrameworkException.php on line 39.
 1 SYSTEMPATH\View\View.php(216): CodeIgniter\Exceptions\FrameworkException::forInvalidFile('template/layout.php')
 2 SYSTEMPATH\View\View.php(244): CodeIgniter\View\View->render('template/layout', [], true)
 3 SYSTEMPATH\Common.php(1190): CodeIgniter\View\View->render('produk/list', [], true)
 4 APPPATH\Controllers\Produk.php(17): view('produk/list', [...])
 5 SYSTEMPATH\CodeIgniter.php(942): App\Controllers\Produk->index()
 6 SYSTEMPATH\CodeIgniter.php(502): CodeIgniter\CodeIgniter->runController(Object(App\Controllers\Produk))
 7 SYSTEMPATH\CodeIgniter.php(361): CodeIgniter\CodeIgniter->handleRequest(null, Object(Config\Cache), false)
 8 FCPATH\index.php(79): CodeIgniter\CodeIgniter->run()
 9 SYSTEMPATH\Commands\Server\rewrite.php(47): require_once('D:\\22.02.0803_WebProgII\\cart_online_0803\\public\\index.php')
CRITICAL - 2023-11-08 09:42:59 --> Invalid file: "template/layout.php"
in SYSTEMPATH\Exceptions\FrameworkException.php on line 39.
 1 SYSTEMPATH\View\View.php(216): CodeIgniter\Exceptions\FrameworkException::forInvalidFile('template/layout.php')
 2 SYSTEMPATH\View\View.php(244): CodeIgniter\View\View->render('template/layout', [], true)
 3 SYSTEMPATH\Common.php(1190): CodeIgniter\View\View->render('produk/list', [], true)
 4 APPPATH\Controllers\Produk.php(17): view('produk/list', [...])
 5 SYSTEMPATH\CodeIgniter.php(942): App\Controllers\Produk->index()
 6 SYSTEMPATH\CodeIgniter.php(502): CodeIgniter\CodeIgniter->runController(Object(App\Controllers\Produk))
 7 SYSTEMPATH\CodeIgniter.php(361): CodeIgniter\CodeIgniter->handleRequest(null, Object(Config\Cache), false)
 8 FCPATH\index.php(79): CodeIgniter\CodeIgniter->run()
 9 SYSTEMPATH\Commands\Server\rewrite.php(47): require_once('D:\\22.02.0803_WebProgII\\cart_online_0803\\public\\index.php')
CRITICAL - 2023-11-08 09:44:13 --> Invalid file: "template/layout.php"
in SYSTEMPATH\Exceptions\FrameworkException.php on line 39.
 1 SYSTEMPATH\View\View.php(216): CodeIgniter\Exceptions\FrameworkException::forInvalidFile('template/layout.php')
 2 SYSTEMPATH\View\View.php(244): CodeIgniter\View\View->render('template/layout', [], true)
 3 SYSTEMPATH\Common.php(1190): CodeIgniter\View\View->render('produk/list', [], true)
 4 APPPATH\Controllers\Produk.php(17): view('produk/list', [...])
 5 SYSTEMPATH\CodeIgniter.php(942): App\Controllers\Produk->index()
 6 SYSTEMPATH\CodeIgniter.php(502): CodeIgniter\CodeIgniter->runController(Object(App\Controllers\Produk))
 7 SYSTEMPATH\CodeIgniter.php(361): CodeIgniter\CodeIgniter->handleRequest(null, Object(Config\Cache), false)
 8 FCPATH\index.php(79): CodeIgniter\CodeIgniter->run()
 9 SYSTEMPATH\Commands\Server\rewrite.php(47): require_once('D:\\22.02.0803_WebProgII\\cart_online_0803\\public\\index.php')
CRITICAL - 2023-11-08 09:45:17 --> Invalid file: "template/layout.php"
in SYSTEMPATH\Exceptions\FrameworkException.php on line 39.
 1 SYSTEMPATH\View\View.php(216): CodeIgniter\Exceptions\FrameworkException::forInvalidFile('template/layout.php')
 2 SYSTEMPATH\View\View.php(244): CodeIgniter\View\View->render('template/layout', [], true)
 3 SYSTEMPATH\Common.php(1190): CodeIgniter\View\View->render('produk/list', [], true)
 4 APPPATH\Controllers\Produk.php(17): view('produk/list', [...])
 5 SYSTEMPATH\CodeIgniter.php(942): App\Controllers\Produk->index()
 6 SYSTEMPATH\CodeIgniter.php(502): CodeIgniter\CodeIgniter->runController(Object(App\Controllers\Produk))
 7 SYSTEMPATH\CodeIgniter.php(361): CodeIgniter\CodeIgniter->handleRequest(null, Object(Config\Cache), false)
 8 FCPATH\index.php(79): CodeIgniter\CodeIgniter->run()
 9 SYSTEMPATH\Commands\Server\rewrite.php(47): require_once('D:\\22.02.0803_WebProgII\\cart_online_0803\\public\\index.php')
CRITICAL - 2023-11-08 09:46:57 --> Invalid file: "template/layout.php"
in SYSTEMPATH\Exceptions\FrameworkException.php on line 39.
 1 SYSTEMPATH\View\View.php(216): CodeIgniter\Exceptions\FrameworkException::forInvalidFile('template/layout.php')
 2 SYSTEMPATH\View\View.php(244): CodeIgniter\View\View->render('template/layout', [], true)
 3 SYSTEMPATH\Common.php(1190): CodeIgniter\View\View->render('produk/list', [], true)
 4 APPPATH\Controllers\Produk.php(17): view('produk/list', [...])
 5 SYSTEMPATH\CodeIgniter.php(942): App\Controllers\Produk->index()
 6 SYSTEMPATH\CodeIgniter.php(502): CodeIgniter\CodeIgniter->runController(Object(App\Controllers\Produk))
 7 SYSTEMPATH\CodeIgniter.php(361): CodeIgniter\CodeIgniter->handleRequest(null, Object(Config\Cache), false)
 8 FCPATH\index.php(79): CodeIgniter\CodeIgniter->run()
 9 SYSTEMPATH\Commands\Server\rewrite.php(47): require_once('D:\\22.02.0803_WebProgII\\cart_online_0803\\public\\index.php')
CRITICAL - 2023-11-08 09:46:58 --> Invalid file: "template/layout.php"
in SYSTEMPATH\Exceptions\FrameworkException.php on line 39.
 1 SYSTEMPATH\View\View.php(216): CodeIgniter\Exceptions\FrameworkException::forInvalidFile('template/layout.php')
 2 SYSTEMPATH\View\View.php(244): CodeIgniter\View\View->render('template/layout', [], true)
 3 SYSTEMPATH\Common.php(1190): CodeIgniter\View\View->render('produk/list', [], true)
 4 APPPATH\Controllers\Produk.php(17): view('produk/list', [...])
 5 SYSTEMPATH\CodeIgniter.php(942): App\Controllers\Produk->index()
 6 SYSTEMPATH\CodeIgniter.php(502): CodeIgniter\CodeIgniter->runController(Object(App\Controllers\Produk))
 7 SYSTEMPATH\CodeIgniter.php(361): CodeIgniter\CodeIgniter->handleRequest(null, Object(Config\Cache), false)
 8 FCPATH\index.php(79): CodeIgniter\CodeIgniter->run()
 9 SYSTEMPATH\Commands\Server\rewrite.php(47): require_once('D:\\22.02.0803_WebProgII\\cart_online_0803\\public\\index.php')
CRITICAL - 2023-11-08 09:47:42 --> Invalid file: "template/layout.php"
in SYSTEMPATH\Exceptions\FrameworkException.php on line 39.
 1 SYSTEMPATH\View\View.php(216): CodeIgniter\Exceptions\FrameworkException::forInvalidFile('template/layout.php')
 2 SYSTEMPATH\View\View.php(244): CodeIgniter\View\View->render('template/layout', [], true)
 3 SYSTEMPATH\Common.php(1190): CodeIgniter\View\View->render('produk/list', [], true)
 4 APPPATH\Controllers\Produk.php(17): view('produk/list', [...])
 5 SYSTEMPATH\CodeIgniter.php(942): App\Controllers\Produk->index()
 6 SYSTEMPATH\CodeIgniter.php(502): CodeIgniter\CodeIgniter->runController(Object(App\Controllers\Produk))
 7 SYSTEMPATH\CodeIgniter.php(361): CodeIgniter\CodeIgniter->handleRequest(null, Object(Config\Cache), false)
 8 FCPATH\index.php(79): CodeIgniter\CodeIgniter->run()
 9 SYSTEMPATH\Commands\Server\rewrite.php(47): require_once('D:\\22.02.0803_WebProgII\\cart_online_0803\\public\\index.php')
CRITICAL - 2023-11-08 09:47:43 --> Invalid file: "template/layout.php"
in SYSTEMPATH\Exceptions\FrameworkException.php on line 39.
 1 SYSTEMPATH\View\View.php(216): CodeIgniter\Exceptions\FrameworkException::forInvalidFile('template/layout.php')
 2 SYSTEMPATH\View\View.php(244): CodeIgniter\View\View->render('template/layout', [], true)
 3 SYSTEMPATH\Common.php(1190): CodeIgniter\View\View->render('produk/list', [], true)
 4 APPPATH\Controllers\Produk.php(17): view('produk/list', [...])
 5 SYSTEMPATH\CodeIgniter.php(942): App\Controllers\Produk->index()
 6 SYSTEMPATH\CodeIgniter.php(502): CodeIgniter\CodeIgniter->runController(Object(App\Controllers\Produk))
 7 SYSTEMPATH\CodeIgniter.php(361): CodeIgniter\CodeIgniter->handleRequest(null, Object(Config\Cache), false)
 8 FCPATH\index.php(79): CodeIgniter\CodeIgniter->run()
 9 SYSTEMPATH\Commands\Server\rewrite.php(47): require_once('D:\\22.02.0803_WebProgII\\cart_online_0803\\public\\index.php')
CRITICAL - 2023-11-08 09:47:43 --> Invalid file: "template/layout.php"
in SYSTEMPATH\Exceptions\FrameworkException.php on line 39.
 1 SYSTEMPATH\View\View.php(216): CodeIgniter\Exceptions\FrameworkException::forInvalidFile('template/layout.php')
 2 SYSTEMPATH\View\View.php(244): CodeIgniter\View\View->render('template/layout', [], true)
 3 SYSTEMPATH\Common.php(1190): CodeIgniter\View\View->render('produk/list', [], true)
 4 APPPATH\Controllers\Produk.php(17): view('produk/list', [...])
 5 SYSTEMPATH\CodeIgniter.php(942): App\Controllers\Produk->index()
 6 SYSTEMPATH\CodeIgniter.php(502): CodeIgniter\CodeIgniter->runController(Object(App\Controllers\Produk))
 7 SYSTEMPATH\CodeIgniter.php(361): CodeIgniter\CodeIgniter->handleRequest(null, Object(Config\Cache), false)
 8 FCPATH\index.php(79): CodeIgniter\CodeIgniter->run()
 9 SYSTEMPATH\Commands\Server\rewrite.php(47): require_once('D:\\22.02.0803_WebProgII\\cart_online_0803\\public\\index.php')
CRITICAL - 2023-11-08 09:47:43 --> Invalid file: "template/layout.php"
in SYSTEMPATH\Exceptions\FrameworkException.php on line 39.
 1 SYSTEMPATH\View\View.php(216): CodeIgniter\Exceptions\FrameworkException::forInvalidFile('template/layout.php')
 2 SYSTEMPATH\View\View.php(244): CodeIgniter\View\View->render('template/layout', [], true)
 3 SYSTEMPATH\Common.php(1190): CodeIgniter\View\View->render('produk/list', [], true)
 4 APPPATH\Controllers\Produk.php(17): view('produk/list', [...])
 5 SYSTEMPATH\CodeIgniter.php(942): App\Controllers\Produk->index()
 6 SYSTEMPATH\CodeIgniter.php(502): CodeIgniter\CodeIgniter->runController(Object(App\Controllers\Produk))
 7 SYSTEMPATH\CodeIgniter.php(361): CodeIgniter\CodeIgniter->handleRequest(null, Object(Config\Cache), false)
 8 FCPATH\index.php(79): CodeIgniter\CodeIgniter->run()
 9 SYSTEMPATH\Commands\Server\rewrite.php(47): require_once('D:\\22.02.0803_WebProgII\\cart_online_0803\\public\\index.php')
CRITICAL - 2023-11-08 09:48:52 --> Invalid file: "template/layout.php"
in SYSTEMPATH\Exceptions\FrameworkException.php on line 39.
 1 SYSTEMPATH\View\View.php(216): CodeIgniter\Exceptions\FrameworkException::forInvalidFile('template/layout.php')
 2 SYSTEMPATH\View\View.php(244): CodeIgniter\View\View->render('template/layout', [], true)
 3 SYSTEMPATH\Common.php(1190): CodeIgniter\View\View->render('produk/list', [], true)
 4 APPPATH\Controllers\Produk.php(17): view('produk/list', [...])
 5 SYSTEMPATH\CodeIgniter.php(942): App\Controllers\Produk->index()
 6 SYSTEMPATH\CodeIgniter.php(502): CodeIgniter\CodeIgniter->runController(Object(App\Controllers\Produk))
 7 SYSTEMPATH\CodeIgniter.php(361): CodeIgniter\CodeIgniter->handleRequest(null, Object(Config\Cache), false)
 8 FCPATH\index.php(79): CodeIgniter\CodeIgniter->run()
 9 SYSTEMPATH\Commands\Server\rewrite.php(47): require_once('D:\\22.02.0803_WebProgII\\cart_online_0803\\public\\index.php')
CRITICAL - 2023-11-08 09:49:55 --> Invalid file: "template/layout.php"
in SYSTEMPATH\Exceptions\FrameworkException.php on line 39.
 1 SYSTEMPATH\View\View.php(216): CodeIgniter\Exceptions\FrameworkException::forInvalidFile('template/layout.php')
 2 SYSTEMPATH\View\View.php(244): CodeIgniter\View\View->render('template/layout', [], true)
 3 SYSTEMPATH\Common.php(1190): CodeIgniter\View\View->render('produk/list', [], true)
 4 APPPATH\Controllers\Produk.php(17): view('produk/list', [...])
 5 SYSTEMPATH\CodeIgniter.php(942): App\Controllers\Produk->index()
 6 SYSTEMPATH\CodeIgniter.php(502): CodeIgniter\CodeIgniter->runController(Object(App\Controllers\Produk))
 7 SYSTEMPATH\CodeIgniter.php(361): CodeIgniter\CodeIgniter->handleRequest(null, Object(Config\Cache), false)
 8 FCPATH\index.php(79): CodeIgniter\CodeIgniter->run()
 9 SYSTEMPATH\Commands\Server\rewrite.php(47): require_once('D:\\22.02.0803_WebProgII\\cart_online_0803\\public\\index.php')
CRITICAL - 2023-11-08 09:52:29 --> Invalid file: "template/layout.php"
in SYSTEMPATH\Exceptions\FrameworkException.php on line 39.
 1 SYSTEMPATH\View\View.php(216): CodeIgniter\Exceptions\FrameworkException::forInvalidFile('template/layout.php')
 2 SYSTEMPATH\View\View.php(244): CodeIgniter\View\View->render('template/layout', [], true)
 3 SYSTEMPATH\Common.php(1190): CodeIgniter\View\View->render('produk/list', [], true)
 4 APPPATH\Controllers\Produk.php(17): view('produk/list', [...])
 5 SYSTEMPATH\CodeIgniter.php(942): App\Controllers\Produk->index()
 6 SYSTEMPATH\CodeIgniter.php(502): CodeIgniter\CodeIgniter->runController(Object(App\Controllers\Produk))
 7 SYSTEMPATH\CodeIgniter.php(361): CodeIgniter\CodeIgniter->handleRequest(null, Object(Config\Cache), false)
 8 FCPATH\index.php(79): CodeIgniter\CodeIgniter->run()
 9 SYSTEMPATH\Commands\Server\rewrite.php(47): require_once('D:\\22.02.0803_WebProgII\\cart_online_0803\\public\\index.php')
CRITICAL - 2023-11-08 09:52:29 --> Invalid file: "template/layout.php"
in SYSTEMPATH\Exceptions\FrameworkException.php on line 39.
 1 SYSTEMPATH\View\View.php(216): CodeIgniter\Exceptions\FrameworkException::forInvalidFile('template/layout.php')
 2 SYSTEMPATH\View\View.php(244): CodeIgniter\View\View->render('template/layout', [], true)
 3 SYSTEMPATH\Common.php(1190): CodeIgniter\View\View->render('produk/list', [], true)
 4 APPPATH\Controllers\Produk.php(17): view('produk/list', [...])
 5 SYSTEMPATH\CodeIgniter.php(942): App\Controllers\Produk->index()
 6 SYSTEMPATH\CodeIgniter.php(502): CodeIgniter\CodeIgniter->runController(Object(App\Controllers\Produk))
 7 SYSTEMPATH\CodeIgniter.php(361): CodeIgniter\CodeIgniter->handleRequest(null, Object(Config\Cache), false)
 8 FCPATH\index.php(79): CodeIgniter\CodeIgniter->run()
 9 SYSTEMPATH\Commands\Server\rewrite.php(47): require_once('D:\\22.02.0803_WebProgII\\cart_online_0803\\public\\index.php')
CRITICAL - 2023-11-08 09:53:58 --> Invalid file: "template/layout.php"
in SYSTEMPATH\Exceptions\FrameworkException.php on line 39.
 1 SYSTEMPATH\View\View.php(216): CodeIgniter\Exceptions\FrameworkException::forInvalidFile('template/layout.php')
 2 SYSTEMPATH\View\View.php(244): CodeIgniter\View\View->render('template/layout', [], true)
 3 SYSTEMPATH\Common.php(1190): CodeIgniter\View\View->render('produk/list', [], true)
 4 APPPATH\Controllers\Produk.php(17): view('produk/list', [...])
 5 SYSTEMPATH\CodeIgniter.php(942): App\Controllers\Produk->index()
 6 SYSTEMPATH\CodeIgniter.php(502): CodeIgniter\CodeIgniter->runController(Object(App\Controllers\Produk))
 7 SYSTEMPATH\CodeIgniter.php(361): CodeIgniter\CodeIgniter->handleRequest(null, Object(Config\Cache), false)
 8 FCPATH\index.php(79): CodeIgniter\CodeIgniter->run()
 9 SYSTEMPATH\Commands\Server\rewrite.php(47): require_once('D:\\22.02.0803_WebProgII\\cart_online_0803\\public\\index.php')
